
*** Running vivado
    with args -log fourToOneMultiplexer.vds -m64 -product Vivado -mode batch -messageDb vivado.pb -notrace -source fourToOneMultiplexer.tcl


****** Vivado v2024.1 (64-bit)
  **** SW Build 5076996 on Wed May 22 18:36:09 MDT 2024
  **** IP Build 5075265 on Wed May 22 21:45:21 MDT 2024
  **** SharedData Build 5076995 on Wed May 22 18:29:18 MDT 2024
  **** Start of session at: Tue Aug  6 21:30:36 2024
    ** Copyright 1986-2022 Xilinx, Inc. All Rights Reserved.
    ** Copyright 2022-2024 Advanced Micro Devices, Inc. All Rights Reserved.

source fourToOneMultiplexer.tcl -notrace
Command: read_checkpoint -auto_incremental -incremental /home/paul/Documents/DigialDesigns/multiplexer/multiplexer.srcs/utils_1/imports/synth_1/twoToOneMultiplexer.dcp
INFO: [Vivado 12-5825] Read reference checkpoint from /home/paul/Documents/DigialDesigns/multiplexer/multiplexer.srcs/utils_1/imports/synth_1/twoToOneMultiplexer.dcp for incremental synthesis
INFO: [Vivado 12-7989] Please ensure there are no constraint changes
Command: synth_design -top fourToOneMultiplexer -part xc7a35tcpg236-1
Starting synth_design
Attempting to get a license for feature 'Synthesis' and/or device 'xc7a35t'
INFO: [Common 17-349] Got license for feature 'Synthesis' and/or device 'xc7a35t'
INFO: [Device 21-403] Loading part xc7a35tcpg236-1
INFO: [Device 21-9227] Part: xc7a35tcpg236-1 does not have CEAM library.
INFO: [Designutils 20-5440] No compile time benefit to using incremental synthesis; A full resynthesis will be run
INFO: [Designutils 20-4379] Flow is switching to default flow due to incremental criteria not met. If you would like to alter this behaviour and have the flow terminate instead, please set the following parameter config_implementation {autoIncr.Synth.RejectBehavior Terminate}
INFO: [Synth 8-7079] Multithreading enabled for synth_design using a maximum of 4 processes.
INFO: [Synth 8-7078] Launching helper process for spawning children vivado processes
INFO: [Synth 8-7075] Helper process launched with PID 224424
---------------------------------------------------------------------------------
Starting RTL Elaboration : Time (s): cpu = 00:00:03 ; elapsed = 00:00:03 . Memory (MB): peak = 2127.160 ; gain = 412.660 ; free physical = 1549 ; free virtual = 6267
---------------------------------------------------------------------------------
INFO: [Synth 8-6157] synthesizing module 'fourToOneMultiplexer' [/home/paul/Documents/DigialDesigns/multiplexer/multiplexer.srcs/sources_1/new/fourToOneMultiplexer.v:23]
INFO: [Synth 8-6157] synthesizing module 'twoToOneMultiplexer' [/home/paul/Documents/DigialDesigns/multiplexer/multiplexer.srcs/sources_1/new/twoToOneMultiplexer.v:23]
INFO: [Synth 8-6155] done synthesizing module 'twoToOneMultiplexer' (0#1) [/home/paul/Documents/DigialDesigns/multiplexer/multiplexer.srcs/sources_1/new/twoToOneMultiplexer.v:23]
INFO: [Synth 8-6155] done synthesizing module 'fourToOneMultiplexer' (0#1) [/home/paul/Documents/DigialDesigns/multiplexer/multiplexer.srcs/sources_1/new/fourToOneMultiplexer.v:23]
---------------------------------------------------------------------------------
Finished RTL Elaboration : Time (s): cpu = 00:00:04 ; elapsed = 00:00:04 . Memory (MB): peak = 2203.129 ; gain = 488.629 ; free physical = 1452 ; free virtual = 6170
---------------------------------------------------------------------------------
---------------------------------------------------------------------------------
Start Handling Custom Attributes
---------------------------------------------------------------------------------
---------------------------------------------------------------------------------
Finished Handling Custom Attributes : Time (s): cpu = 00:00:04 ; elapsed = 00:00:04 . Memory (MB): peak = 2220.941 ; gain = 506.441 ; free physical = 1450 ; free virtual = 6168
---------------------------------------------------------------------------------
---------------------------------------------------------------------------------
Finished RTL Optimization Phase 1 : Time (s): cpu = 00:00:04 ; elapsed = 00:00:04 . Memory (MB): peak = 2220.941 ; gain = 506.441 ; free physical = 1450 ; free virtual = 6168
---------------------------------------------------------------------------------
Netlist sorting complete. Time (s): cpu = 00:00:00 ; elapsed = 00:00:00 . Memory (MB): peak = 2220.941 ; gain = 0.000 ; free physical = 1450 ; free virtual = 6168
INFO: [Project 1-570] Preparing netlist for logic optimization

Processing XDC Constraints
Initializing timing engine
Parsing XDC File [/home/paul/Documents/DigialDesigns/multiplexer/multiplexer.srcs/constrs_1/new/fourToOneMultiplexer.xdc]
Finished Parsing XDC File [/home/paul/Documents/DigialDesigns/multiplexer/multiplexer.srcs/constrs_1/new/fourToOneMultiplexer.xdc]
INFO: [Project 1-236] Implementation specific constraints were found while reading constraint file [/home/paul/Documents/DigialDesigns/multiplexer/multiplexer.srcs/constrs_1/new/fourToOneMultiplexer.xdc]. These constraints will be ignored for synthesis but will be used in implementation. Impacted constraints are listed in the file [.Xil/fourToOneMultiplexer_propImpl.xdc].
Resolution: To avoid this warning, move constraints listed in [.Xil/fourToOneMultiplexer_propImpl.xdc] to another XDC file and exclude this new file from synthesis with the used_in_synthesis property (File Properties dialog in GUI) and re-run elaboration/synthesis.
Completed Processing XDC Constraints

Netlist sorting complete. Time (s): cpu = 00:00:00 ; elapsed = 00:00:00 . Memory (MB): peak = 2331.691 ; gain = 0.000 ; free physical = 1441 ; free virtual = 6159
INFO: [Project 1-111] Unisim Transformation Summary:
No Unisim elements were transformed.

Constraint Validation Runtime : Time (s): cpu = 00:00:00 ; elapsed = 00:00:00 . Memory (MB): peak = 2331.691 ; gain = 0.000 ; free physical = 1441 ; free virtual = 6159
INFO: [Designutils 20-5440] No compile time benefit to using incremental synthesis; A full resynthesis will be run
INFO: [Designutils 20-4379] Flow is switching to default flow due to incremental criteria not met. If you would like to alter this behaviour and have the flow terminate instead, please set the following parameter config_implementation {autoIncr.Synth.RejectBehavior Terminate}
---------------------------------------------------------------------------------
Finished Constraint Validation : Time (s): cpu = 00:00:08 ; elapsed = 00:00:08 . Memory (MB): peak = 2331.691 ; gain = 617.191 ; free physical = 1444 ; free virtual = 6163
---------------------------------------------------------------------------------
---------------------------------------------------------------------------------
Start Loading Part and Timing Information
---------------------------------------------------------------------------------
Loading part: xc7a35tcpg236-1
---------------------------------------------------------------------------------
Finished Loading Part and Timing Information : Time (s): cpu = 00:00:08 ; elapsed = 00:00:08 . Memory (MB): peak = 2339.695 ; gain = 625.195 ; free physical = 1443 ; free virtual = 6162
---------------------------------------------------------------------------------
---------------------------------------------------------------------------------
Start Applying 'set_property' XDC Constraints
---------------------------------------------------------------------------------
---------------------------------------------------------------------------------
Finished applying 'set_property' XDC Constraints : Time (s): cpu = 00:00:08 ; elapsed = 00:00:08 . Memory (MB): peak = 2339.695 ; gain = 625.195 ; free physical = 1443 ; free virtual = 6162
---------------------------------------------------------------------------------
---------------------------------------------------------------------------------
Finished RTL Optimization Phase 2 : Time (s): cpu = 00:00:08 ; elapsed = 00:00:08 . Memory (MB): peak = 2339.695 ; gain = 625.195 ; free physical = 1442 ; free virtual = 6162
---------------------------------------------------------------------------------
---------------------------------------------------------------------------------
Start RTL Component Statistics 
---------------------------------------------------------------------------------
Detailed RTL Component Info : 
---------------------------------------------------------------------------------
Finished RTL Component Statistics 
---------------------------------------------------------------------------------
---------------------------------------------------------------------------------
Start Part Resource Summary
---------------------------------------------------------------------------------
Part Resources:
DSPs: 90 (col length:60)
BRAMs: 100 (col length: RAMB18 60 RAMB36 30)
---------------------------------------------------------------------------------
Finished Part Resource Summary
---------------------------------------------------------------------------------
---------------------------------------------------------------------------------
Start Cross Boundary and Area Optimization
---------------------------------------------------------------------------------
WARNING: [Synth 8-7080] Parallel synthesis criteria is not met
---------------------------------------------------------------------------------
Finished Cross Boundary and Area Optimization : Time (s): cpu = 00:00:08 ; elapsed = 00:00:09 . Memory (MB): peak = 2339.695 ; gain = 625.195 ; free physical = 1432 ; free virtual = 6155
---------------------------------------------------------------------------------
---------------------------------------------------------------------------------
Start Applying XDC Timing Constraints
---------------------------------------------------------------------------------
---------------------------------------------------------------------------------
Finished Applying XDC Timing Constraints : Time (s): cpu = 00:00:12 ; elapsed = 00:00:12 . Memory (MB): peak = 2339.695 ; gain = 625.195 ; free physical = 1425 ; free virtual = 6138
---------------------------------------------------------------------------------
---------------------------------------------------------------------------------
Start Timing Optimization
---------------------------------------------------------------------------------
---------------------------------------------------------------------------------
Finished Timing Optimization : Time (s): cpu = 00:00:12 ; elapsed = 00:00:12 . Memory (MB): peak = 2339.695 ; gain = 625.195 ; free physical = 1425 ; free virtual = 6138
---------------------------------------------------------------------------------
---------------------------------------------------------------------------------
Start Technology Mapping
---------------------------------------------------------------------------------
---------------------------------------------------------------------------------
Finished Technology Mapping : Time (s): cpu = 00:00:12 ; elapsed = 00:00:12 . Memory (MB): peak = 2339.695 ; gain = 625.195 ; free physical = 1425 ; free virtual = 6138
---------------------------------------------------------------------------------
---------------------------------------------------------------------------------
Start IO Insertion
---------------------------------------------------------------------------------
---------------------------------------------------------------------------------
Start Flattening Before IO Insertion
---------------------------------------------------------------------------------
---------------------------------------------------------------------------------
Finished Flattening Before IO Insertion
---------------------------------------------------------------------------------
---------------------------------------------------------------------------------
Start Final Netlist Cleanup
---------------------------------------------------------------------------------
---------------------------------------------------------------------------------
Finished Final Netlist Cleanup
---------------------------------------------------------------------------------
---------------------------------------------------------------------------------
Finished IO Insertion : Time (s): cpu = 00:00:15 ; elapsed = 00:00:15 . Memory (MB): peak = 2339.695 ; gain = 625.195 ; free physical = 1422 ; free virtual = 6134
---------------------------------------------------------------------------------
---------------------------------------------------------------------------------
Start Renaming Generated Instances
---------------------------------------------------------------------------------
---------------------------------------------------------------------------------
Finished Renaming Generated Instances : Time (s): cpu = 00:00:15 ; elapsed = 00:00:15 . Memory (MB): peak = 2339.695 ; gain = 625.195 ; free physical = 1422 ; free virtual = 6134
---------------------------------------------------------------------------------
---------------------------------------------------------------------------------
Start Rebuilding User Hierarchy
---------------------------------------------------------------------------------
---------------------------------------------------------------------------------
Finished Rebuilding User Hierarchy : Time (s): cpu = 00:00:15 ; elapsed = 00:00:15 . Memory (MB): peak = 2339.695 ; gain = 625.195 ; free physical = 1422 ; free virtual = 6134
---------------------------------------------------------------------------------
---------------------------------------------------------------------------------
Start Renaming Generated Ports
---------------------------------------------------------------------------------
---------------------------------------------------------------------------------
Finished Renaming Generated Ports : Time (s): cpu = 00:00:15 ; elapsed = 00:00:15 . Memory (MB): peak = 2339.695 ; gain = 625.195 ; free physical = 1422 ; free virtual = 6134
---------------------------------------------------------------------------------
---------------------------------------------------------------------------------
Start Handling Custom Attributes
---------------------------------------------------------------------------------
---------------------------------------------------------------------------------
Finished Handling Custom Attributes : Time (s): cpu = 00:00:15 ; elapsed = 00:00:15 . Memory (MB): peak = 2339.695 ; gain = 625.195 ; free physical = 1422 ; free virtual = 6134
---------------------------------------------------------------------------------
---------------------------------------------------------------------------------
Start Renaming Generated Nets
---------------------------------------------------------------------------------
---------------------------------------------------------------------------------
Finished Renaming Generated Nets : Time (s): cpu = 00:00:15 ; elapsed = 00:00:15 . Memory (MB): peak = 2339.695 ; gain = 625.195 ; free physical = 1422 ; free virtual = 6134
---------------------------------------------------------------------------------
---------------------------------------------------------------------------------
Start Writing Synthesis Report
---------------------------------------------------------------------------------

Report BlackBoxes: 
+-+--------------+----------+
| |BlackBox name |Instances |
+-+--------------+----------+
+-+--------------+----------+

Report Cell Usage: 
+------+-----+------+
|      |Cell |Count |
+------+-----+------+
|1     |LUT6 |     1|
|2     |IBUF |     6|
|3     |OBUF |     1|
+------+-----+------+
---------------------------------------------------------------------------------
Finished Writing Synthesis Report : Time (s): cpu = 00:00:15 ; elapsed = 00:00:15 . Memory (MB): peak = 2339.695 ; gain = 625.195 ; free physical = 1422 ; free virtual = 6134
---------------------------------------------------------------------------------
Synthesis finished with 0 errors, 0 critical warnings and 1 warnings.
Synthesis Optimization Runtime : Time (s): cpu = 00:00:14 ; elapsed = 00:00:14 . Memory (MB): peak = 2339.695 ; gain = 514.445 ; free physical = 1422 ; free virtual = 6134
Synthesis Optimization Complete : Time (s): cpu = 00:00:15 ; elapsed = 00:00:15 . Memory (MB): peak = 2339.703 ; gain = 625.195 ; free physical = 1422 ; free virtual = 6134
INFO: [Project 1-571] Translating synthesized netlist
Netlist sorting complete. Time (s): cpu = 00:00:00 ; elapsed = 00:00:00 . Memory (MB): peak = 2339.703 ; gain = 0.000 ; free physical = 1422 ; free virtual = 6134
INFO: [Project 1-570] Preparing netlist for logic optimization
INFO: [Opt 31-138] Pushed 0 inverter(s) to 0 load pin(s).
Netlist sorting complete. Time (s): cpu = 00:00:00 ; elapsed = 00:00:00 . Memory (MB): peak = 2339.703 ; gain = 0.000 ; free physical = 1771 ; free virtual = 6483
INFO: [Project 1-111] Unisim Transformation Summary:
No Unisim elements were transformed.

Synth Design complete | Checksum: 5849a173
INFO: [Common 17-83] Releasing license: Synthesis
24 Infos, 1 Warnings, 0 Critical Warnings and 0 Errors encountered.
synth_design completed successfully
synth_design: Time (s): cpu = 00:00:20 ; elapsed = 00:00:18 . Memory (MB): peak = 2339.703 ; gain = 914.273 ; free physical = 1771 ; free virtual = 6483
INFO: [Common 17-2834] synth_design peak Physical Memory [PSS] (MB): overall = 1918.326; main = 1529.094; forked = 438.935
INFO: [Common 17-2834] synth_design peak Virtual Memory [VSS] (MB): overall = 3436.340; main = 2339.699; forked = 1096.641
Write ShapeDB Complete: Time (s): cpu = 00:00:00 ; elapsed = 00:00:00 . Memory (MB): peak = 2363.707 ; gain = 0.000 ; free physical = 1771 ; free virtual = 6483
INFO: [Common 17-1381] The checkpoint '/home/paul/Documents/DigialDesigns/multiplexer/multiplexer.runs/synth_1/fourToOneMultiplexer.dcp' has been generated.
INFO: [Vivado 12-24828] Executing command : report_utilization -file fourToOneMultiplexer_utilization_synth.rpt -pb fourToOneMultiplexer_utilization_synth.pb
INFO: [Common 17-206] Exiting Vivado at Tue Aug  6 21:31:00 2024...
