Copyright 1986-2022 Xilinx, Inc. All Rights Reserved. Copyright 2022-2024 Advanced Micro Devices, Inc. All Rights Reserved.
---------------------------------------------------------------------------------------------------------------------------------------------------------------------------------------------------------------------------------
| Tool Version : Vivado v.2024.1 (lin64) Build 5076996 Wed May 22 18:36:09 MDT 2024
| Date         : Fri Aug  2 12:57:41 2024
| Host         : paul-ThinkPad-X1-Carbon-Gen-9 running 64-bit Ubuntu 22.04.4 LTS
| Command      : report_timing_summary -max_paths 10 -report_unconstrained -file FourBitAdder_timing_summary_routed.rpt -pb FourBitAdder_timing_summary_routed.pb -rpx FourBitAdder_timing_summary_routed.rpx -warn_on_violation
| Design       : FourBitAdder
| Device       : 7a35t-cpg236
| Speed File   : -1  PRODUCTION 1.23 2018-06-13
| Design State : Routed
---------------------------------------------------------------------------------------------------------------------------------------------------------------------------------------------------------------------------------

Timing Summary Report

------------------------------------------------------------------------------------------------
| Timer Settings
| --------------
------------------------------------------------------------------------------------------------

  Enable Multi Corner Analysis               :  Yes
  Enable Pessimism Removal                   :  Yes
  Pessimism Removal Resolution               :  Nearest Common Node
  Enable Input Delay Default Clock           :  No
  Enable Preset / Clear Arcs                 :  No
  Disable Flight Delays                      :  No
  Ignore I/O Paths                           :  No
  Timing Early Launch at Borrowing Latches   :  No
  Borrow Time for Max Delay Exceptions       :  Yes
  Merge Timing Exceptions                    :  Yes
  Inter-SLR Compensation                     :  Conservative

  Corner  Analyze    Analyze    
  Name    Max Paths  Min Paths  
  ------  ---------  ---------  
  Slow    Yes        Yes        
  Fast    Yes        Yes        


------------------------------------------------------------------------------------------------
| Report Methodology
| ------------------
------------------------------------------------------------------------------------------------

No report available as report_methodology has not been run prior. Run report_methodology on the current design for the summary of methodology violations.



check_timing report

Table of Contents
-----------------
1. checking no_clock (0)
2. checking constant_clock (0)
3. checking pulse_width_clock (0)
4. checking unconstrained_internal_endpoints (0)
5. checking no_input_delay (0)
6. checking no_output_delay (0)
7. checking multiple_clock (0)
8. checking generated_clocks (0)
9. checking loops (0)
10. checking partial_input_delay (0)
11. checking partial_output_delay (0)
12. checking latch_loops (0)

1. checking no_clock (0)
------------------------
 There are 0 register/latch pins with no clock.


2. checking constant_clock (0)
------------------------------
 There are 0 register/latch pins with constant_clock.


3. checking pulse_width_clock (0)
---------------------------------
 There are 0 register/latch pins which need pulse_width check


4. checking unconstrained_internal_endpoints (0)
------------------------------------------------
 There are 0 pins that are not constrained for maximum delay.

 There are 0 pins that are not constrained for maximum delay due to constant clock.


5. checking no_input_delay (0)
------------------------------
 There are 0 input ports with no input delay specified.

 There are 0 input ports with no input delay but user has a false path constraint.


6. checking no_output_delay (0)
-------------------------------
 There are 0 ports with no output delay specified.

 There are 0 ports with no output delay but user has a false path constraint

 There are 0 ports with no output delay but with a timing clock defined on it or propagating through it


7. checking multiple_clock (0)
------------------------------
 There are 0 register/latch pins with multiple clocks.


8. checking generated_clocks (0)
--------------------------------
 There are 0 generated clocks that are not connected to a clock source.


9. checking loops (0)
---------------------
 There are 0 combinational loops in the design.


10. checking partial_input_delay (0)
------------------------------------
 There are 0 input ports with partial input delay specified.


11. checking partial_output_delay (0)
-------------------------------------
 There are 0 ports with partial output delay specified.


12. checking latch_loops (0)
----------------------------
 There are 0 combinational latch loops in the design through latch input



------------------------------------------------------------------------------------------------
| Design Timing Summary
| ---------------------
------------------------------------------------------------------------------------------------

    WNS(ns)      TNS(ns)  TNS Failing Endpoints  TNS Total Endpoints      WHS(ns)      THS(ns)  THS Failing Endpoints  THS Total Endpoints     WPWS(ns)     TPWS(ns)  TPWS Failing Endpoints  TPWS Total Endpoints  
    -------      -------  ---------------------  -------------------      -------      -------  ---------------------  -------------------     --------     --------  ----------------------  --------------------  
        inf        0.000                      0                    5          inf        0.000                      0                    5           NA           NA                      NA                    NA  


There are no user specified timing constraints.


------------------------------------------------------------------------------------------------
| Clock Summary
| -------------
------------------------------------------------------------------------------------------------


------------------------------------------------------------------------------------------------
| Intra Clock Table
| -----------------
------------------------------------------------------------------------------------------------

Clock             WNS(ns)      TNS(ns)  TNS Failing Endpoints  TNS Total Endpoints      WHS(ns)      THS(ns)  THS Failing Endpoints  THS Total Endpoints     WPWS(ns)     TPWS(ns)  TPWS Failing Endpoints  TPWS Total Endpoints  
-----             -------      -------  ---------------------  -------------------      -------      -------  ---------------------  -------------------     --------     --------  ----------------------  --------------------  


------------------------------------------------------------------------------------------------
| Inter Clock Table
| -----------------
------------------------------------------------------------------------------------------------

From Clock    To Clock          WNS(ns)      TNS(ns)  TNS Failing Endpoints  TNS Total Endpoints      WHS(ns)      THS(ns)  THS Failing Endpoints  THS Total Endpoints  
----------    --------          -------      -------  ---------------------  -------------------      -------      -------  ---------------------  -------------------  


------------------------------------------------------------------------------------------------
| Other Path Groups Table
| -----------------------
------------------------------------------------------------------------------------------------

Path Group    From Clock    To Clock          WNS(ns)      TNS(ns)  TNS Failing Endpoints  TNS Total Endpoints      WHS(ns)      THS(ns)  THS Failing Endpoints  THS Total Endpoints  
----------    ----------    --------          -------      -------  ---------------------  -------------------      -------      -------  ---------------------  -------------------  


------------------------------------------------------------------------------------------------
| User Ignored Path Table
| -----------------------
------------------------------------------------------------------------------------------------

Path Group    From Clock    To Clock    
----------    ----------    --------    


------------------------------------------------------------------------------------------------
| Unconstrained Path Table
| ------------------------
------------------------------------------------------------------------------------------------

Path Group    From Clock    To Clock    
----------    ----------    --------    
(none)                                    


------------------------------------------------------------------------------------------------
| Timing Details
| --------------
------------------------------------------------------------------------------------------------


--------------------------------------------------------------------------------------
Path Group:  (none)
From Clock:  
  To Clock:  

Max Delay             5 Endpoints
Min Delay             5 Endpoints
--------------------------------------------------------------------------------------


Max Delay Paths
--------------------------------------------------------------------------------------
Slack:                    inf
  Source:                 b[1]
                            (input port)
  Destination:            s[3]
                            (output port)
  Path Group:             (none)
  Path Type:              Max at Slow Process Corner
  Data Path Delay:        9.725ns  (logic 5.459ns (56.134%)  route 4.266ns (43.866%))
  Logic Levels:           4  (IBUF=1 LUT3=1 LUT6=1 OBUF=1)

    Location             Delay type                Incr(ns)  Path(ns)    Netlist Resource(s)
  -------------------------------------------------------------------    -------------------
    V15                                               0.000     0.000 r  b[1] (IN)
                         net (fo=0)                   0.000     0.000    b[1]
    V15                  IBUF (Prop_ibuf_I_O)         1.466     1.466 r  b_IBUF[1]_inst/O
                         net (fo=3, routed)           1.524     2.990    b_IBUF[1]
    SLICE_X0Y10          LUT6 (Prop_lut6_I2_O)        0.124     3.114 r  s_OBUF[4]_inst_i_2/O
                         net (fo=2, routed)           0.667     3.781    w2
    SLICE_X0Y10          LUT3 (Prop_lut3_I2_O)        0.152     3.933 r  s_OBUF[3]_inst_i_1/O
                         net (fo=1, routed)           2.075     6.008    s_OBUF[3]
    V19                  OBUF (Prop_obuf_I_O)         3.717     9.725 r  s_OBUF[3]_inst/O
                         net (fo=0)                   0.000     9.725    s[3]
    V19                                                               r  s[3] (OUT)
  -------------------------------------------------------------------    -------------------

Slack:                    inf
  Source:                 a[0]
                            (input port)
  Destination:            s[1]
                            (output port)
  Path Group:             (none)
  Path Type:              Max at Slow Process Corner
  Data Path Delay:        9.307ns  (logic 5.107ns (54.866%)  route 4.201ns (45.134%))
  Logic Levels:           3  (IBUF=1 LUT4=1 OBUF=1)

    Location             Delay type                Incr(ns)  Path(ns)    Netlist Resource(s)
  -------------------------------------------------------------------    -------------------
    V17                                               0.000     0.000 r  a[0] (IN)
                         net (fo=0)                   0.000     0.000    a[0]
    V17                  IBUF (Prop_ibuf_I_O)         1.453     1.453 r  a_IBUF[0]_inst/O
                         net (fo=4, routed)           1.567     3.020    a_IBUF[0]
    SLICE_X0Y10          LUT4 (Prop_lut4_I3_O)        0.124     3.144 r  s_OBUF[1]_inst_i_1/O
                         net (fo=1, routed)           2.634     5.778    s_OBUF[1]
    E19                  OBUF (Prop_obuf_I_O)         3.530     9.307 r  s_OBUF[1]_inst/O
                         net (fo=0)                   0.000     9.307    s[1]
    E19                                                               r  s[1] (OUT)
  -------------------------------------------------------------------    -------------------

Slack:                    inf
  Source:                 b[1]
                            (input port)
  Destination:            s[4]
                            (output port)
  Path Group:             (none)
  Path Type:              Max at Slow Process Corner
  Data Path Delay:        9.280ns  (logic 5.223ns (56.279%)  route 4.057ns (43.721%))
  Logic Levels:           4  (IBUF=1 LUT3=1 LUT6=1 OBUF=1)

    Location             Delay type                Incr(ns)  Path(ns)    Netlist Resource(s)
  -------------------------------------------------------------------    -------------------
    V15                                               0.000     0.000 r  b[1] (IN)
                         net (fo=0)                   0.000     0.000    b[1]
    V15                  IBUF (Prop_ibuf_I_O)         1.466     1.466 r  b_IBUF[1]_inst/O
                         net (fo=3, routed)           1.524     2.990    b_IBUF[1]
    SLICE_X0Y10          LUT6 (Prop_lut6_I2_O)        0.124     3.114 r  s_OBUF[4]_inst_i_2/O
                         net (fo=2, routed)           0.667     3.781    w2
    SLICE_X0Y10          LUT3 (Prop_lut3_I0_O)        0.124     3.905 r  s_OBUF[4]_inst_i_1/O
                         net (fo=1, routed)           1.867     5.771    s_OBUF[4]
    W18                  OBUF (Prop_obuf_I_O)         3.509     9.280 r  s_OBUF[4]_inst/O
                         net (fo=0)                   0.000     9.280    s[4]
    W18                                                               r  s[4] (OUT)
  -------------------------------------------------------------------    -------------------

Slack:                    inf
  Source:                 a[0]
                            (input port)
  Destination:            s[0]
                            (output port)
  Path Group:             (none)
  Path Type:              Max at Slow Process Corner
  Data Path Delay:        8.756ns  (logic 5.312ns (60.659%)  route 3.445ns (39.341%))
  Logic Levels:           3  (IBUF=1 LUT2=1 OBUF=1)

    Location             Delay type                Incr(ns)  Path(ns)    Netlist Resource(s)
  -------------------------------------------------------------------    -------------------
    V17                                               0.000     0.000 r  a[0] (IN)
                         net (fo=0)                   0.000     0.000    a[0]
    V17                  IBUF (Prop_ibuf_I_O)         1.453     1.453 r  a_IBUF[0]_inst/O
                         net (fo=4, routed)           1.567     3.020    a_IBUF[0]
    SLICE_X0Y10          LUT2 (Prop_lut2_I1_O)        0.152     3.172 r  s_OBUF[0]_inst_i_1/O
                         net (fo=1, routed)           1.878     5.050    s_OBUF[0]
    U16                  OBUF (Prop_obuf_I_O)         3.707     8.756 r  s_OBUF[0]_inst/O
                         net (fo=0)                   0.000     8.756    s[0]
    U16                                                               r  s[0] (OUT)
  -------------------------------------------------------------------    -------------------

Slack:                    inf
  Source:                 b[1]
                            (input port)
  Destination:            s[2]
                            (output port)
  Path Group:             (none)
  Path Type:              Max at Slow Process Corner
  Data Path Delay:        8.685ns  (logic 5.091ns (58.621%)  route 3.594ns (41.379%))
  Logic Levels:           3  (IBUF=1 LUT6=1 OBUF=1)

    Location             Delay type                Incr(ns)  Path(ns)    Netlist Resource(s)
  -------------------------------------------------------------------    -------------------
    V15                                               0.000     0.000 r  b[1] (IN)
                         net (fo=0)                   0.000     0.000    b[1]
    V15                  IBUF (Prop_ibuf_I_O)         1.466     1.466 r  b_IBUF[1]_inst/O
                         net (fo=3, routed)           1.529     2.995    b_IBUF[1]
    SLICE_X0Y10          LUT6 (Prop_lut6_I3_O)        0.124     3.119 r  s_OBUF[2]_inst_i_1/O
                         net (fo=1, routed)           2.065     5.184    s_OBUF[2]
    U19                  OBUF (Prop_obuf_I_O)         3.501     8.685 r  s_OBUF[2]_inst/O
                         net (fo=0)                   0.000     8.685    s[2]
    U19                                                               r  s[2] (OUT)
  -------------------------------------------------------------------    -------------------





Min Delay Paths
--------------------------------------------------------------------------------------
Slack:                    inf
  Source:                 a[3]
                            (input port)
  Destination:            s[4]
                            (output port)
  Path Group:             (none)
  Path Type:              Min at Fast Process Corner
  Data Path Delay:        2.288ns  (logic 1.471ns (64.305%)  route 0.817ns (35.695%))
  Logic Levels:           3  (IBUF=1 LUT3=1 OBUF=1)

    Location             Delay type                Incr(ns)  Path(ns)    Netlist Resource(s)
  -------------------------------------------------------------------    -------------------
    W17                                               0.000     0.000 r  a[3] (IN)
                         net (fo=0)                   0.000     0.000    a[3]
    W17                  IBUF (Prop_ibuf_I_O)         0.217     0.217 r  a_IBUF[3]_inst/O
                         net (fo=2, routed)           0.392     0.609    a_IBUF[3]
    SLICE_X0Y10          LUT3 (Prop_lut3_I2_O)        0.045     0.654 r  s_OBUF[4]_inst_i_1/O
                         net (fo=1, routed)           0.425     1.078    s_OBUF[4]
    W18                  OBUF (Prop_obuf_I_O)         1.210     2.288 r  s_OBUF[4]_inst/O
                         net (fo=0)                   0.000     2.288    s[4]
    W18                                                               r  s[4] (OUT)
  -------------------------------------------------------------------    -------------------

Slack:                    inf
  Source:                 a[0]
                            (input port)
  Destination:            s[2]
                            (output port)
  Path Group:             (none)
  Path Type:              Min at Fast Process Corner
  Data Path Delay:        2.328ns  (logic 1.468ns (63.052%)  route 0.860ns (36.948%))
  Logic Levels:           3  (IBUF=1 LUT6=1 OBUF=1)

    Location             Delay type                Incr(ns)  Path(ns)    Netlist Resource(s)
  -------------------------------------------------------------------    -------------------
    V17                                               0.000     0.000 r  a[0] (IN)
                         net (fo=0)                   0.000     0.000    a[0]
    V17                  IBUF (Prop_ibuf_I_O)         0.221     0.221 r  a_IBUF[0]_inst/O
                         net (fo=4, routed)           0.367     0.588    a_IBUF[0]
    SLICE_X0Y10          LUT6 (Prop_lut6_I5_O)        0.045     0.633 r  s_OBUF[2]_inst_i_1/O
                         net (fo=1, routed)           0.494     1.126    s_OBUF[2]
    U19                  OBUF (Prop_obuf_I_O)         1.202     2.328 r  s_OBUF[2]_inst/O
                         net (fo=0)                   0.000     2.328    s[2]
    U19                                                               r  s[2] (OUT)
  -------------------------------------------------------------------    -------------------

Slack:                    inf
  Source:                 b[0]
                            (input port)
  Destination:            s[0]
                            (output port)
  Path Group:             (none)
  Path Type:              Min at Fast Process Corner
  Data Path Delay:        2.369ns  (logic 1.535ns (64.778%)  route 0.835ns (35.222%))
  Logic Levels:           3  (IBUF=1 LUT2=1 OBUF=1)

    Location             Delay type                Incr(ns)  Path(ns)    Netlist Resource(s)
  -------------------------------------------------------------------    -------------------
    W15                                               0.000     0.000 r  b[0] (IN)
                         net (fo=0)                   0.000     0.000    b[0]
    W15                  IBUF (Prop_ibuf_I_O)         0.219     0.219 r  b_IBUF[0]_inst/O
                         net (fo=4, routed)           0.419     0.637    b_IBUF[0]
    SLICE_X0Y10          LUT2 (Prop_lut2_I0_O)        0.048     0.685 r  s_OBUF[0]_inst_i_1/O
                         net (fo=1, routed)           0.416     1.101    s_OBUF[0]
    U16                  OBUF (Prop_obuf_I_O)         1.268     2.369 r  s_OBUF[0]_inst/O
                         net (fo=0)                   0.000     2.369    s[0]
    U16                                                               r  s[0] (OUT)
  -------------------------------------------------------------------    -------------------

Slack:                    inf
  Source:                 a[3]
                            (input port)
  Destination:            s[3]
                            (output port)
  Path Group:             (none)
  Path Type:              Min at Fast Process Corner
  Data Path Delay:        2.445ns  (logic 1.543ns (63.095%)  route 0.902ns (36.905%))
  Logic Levels:           3  (IBUF=1 LUT3=1 OBUF=1)

    Location             Delay type                Incr(ns)  Path(ns)    Netlist Resource(s)
  -------------------------------------------------------------------    -------------------
    W17                                               0.000     0.000 r  a[3] (IN)
                         net (fo=0)                   0.000     0.000    a[3]
    W17                  IBUF (Prop_ibuf_I_O)         0.217     0.217 r  a_IBUF[3]_inst/O
                         net (fo=2, routed)           0.392     0.609    a_IBUF[3]
    SLICE_X0Y10          LUT3 (Prop_lut3_I0_O)        0.049     0.658 r  s_OBUF[3]_inst_i_1/O
                         net (fo=1, routed)           0.510     1.168    s_OBUF[3]
    V19                  OBUF (Prop_obuf_I_O)         1.277     2.445 r  s_OBUF[3]_inst/O
                         net (fo=0)                   0.000     2.445    s[3]
    V19                                                               r  s[3] (OUT)
  -------------------------------------------------------------------    -------------------

Slack:                    inf
  Source:                 b[0]
                            (input port)
  Destination:            s[1]
                            (output port)
  Path Group:             (none)
  Path Type:              Min at Fast Process Corner
  Data Path Delay:        2.635ns  (logic 1.494ns (56.717%)  route 1.141ns (43.283%))
  Logic Levels:           3  (IBUF=1 LUT4=1 OBUF=1)

    Location             Delay type                Incr(ns)  Path(ns)    Netlist Resource(s)
  -------------------------------------------------------------------    -------------------
    W15                                               0.000     0.000 r  b[0] (IN)
                         net (fo=0)                   0.000     0.000    b[0]
    W15                  IBUF (Prop_ibuf_I_O)         0.219     0.219 r  b_IBUF[0]_inst/O
                         net (fo=4, routed)           0.419     0.637    b_IBUF[0]
    SLICE_X0Y10          LUT4 (Prop_lut4_I2_O)        0.045     0.682 r  s_OBUF[1]_inst_i_1/O
                         net (fo=1, routed)           0.722     1.404    s_OBUF[1]
    E19                  OBUF (Prop_obuf_I_O)         1.231     2.635 r  s_OBUF[1]_inst/O
                         net (fo=0)                   0.000     2.635    s[1]
    E19                                                               r  s[1] (OUT)
  -------------------------------------------------------------------    -------------------





